<?xml version="1.0" encoding="UTF-8"?>
<!-- Generated by org.testng.reporters.JUnitReportReporter -->
<testsuite hostname="lenovo" failures="0" tests="1" name="SeleniumPractice.flikartHomePage" time="68.137" errors="0" timestamp="31 Jul 2021 16:45:04 GMT" skipped="0">
  <testcase classname="SeleniumPractice.flikartHomePage" name="basePagenavigation" time="68.137"/>
</testsuite> <!-- SeleniumPractice.flikartHomePage -->
