<?xml version="1.0" encoding="UTF-8"?>
<!-- Generated by org.testng.reporters.JUnitReportReporter -->
<testsuite hostname="lenovo" failures="0" tests="1" name="SeleniumPractice.flikartHomePage" time="48.515" errors="0" timestamp="31 Jul 2021 17:06:34 GMT" skipped="0">
  <testcase classname="SeleniumPractice.flikartHomePage" name="basePagenavigation" time="48.515"/>
</testsuite> <!-- SeleniumPractice.flikartHomePage -->
