<?xml version="1.0" encoding="UTF-8"?>
<!-- Generated by org.testng.reporters.JUnitReportReporter -->
<testsuite hostname="lenovo" failures="0" tests="1" name="SeleniumPractice.searchProduct" time="52.093" errors="0" timestamp="01 Aug 2021 09:45:15 GMT" skipped="0">
  <testcase classname="SeleniumPractice.searchProduct" name="searchProduct" time="52.093"/>
</testsuite> <!-- SeleniumPractice.searchProduct -->
